<?xml version="1.0" encoding="UTF-8"?>
<testsuite xmlns:xsi="http://www.w3.org/2001/XMLSchema-instance" xsi:noNamespaceSchemaLocation="https://maven.apache.org/surefire/maven-surefire-plugin/xsd/surefire-test-report.xsd" name="circulo.CirculoTest" time="0.041" tests="9" errors="0" skipped="0" failures="0">
  <properties>
[...]
</properties>
  <testcase name="testObtenerArea" classname="circulo.CirculoTest" time="0.003"/>
  <testcase name="testObtenerDiametro" classname="circulo.CirculoTest" time="0"/>
  <testcase name="testEstablecerX" classname="circulo.CirculoTest" time="0.001"/>
  <testcase name="testEstablecerY" classname="circulo.CirculoTest" time="0"/>
  <testcase name="testObtenerCircunferencia" classname="circulo.CirculoTest" time="0"/>
  <testcase name="testObtenerRadio" classname="circulo.CirculoTest" time="0"/>
  <testcase name="testEstablecerRadio" classname="circulo.CirculoTest" time="0.001"/>
  <testcase name="testObtenerX" classname="circulo.CirculoTest" time="0"/>
  <testcase name="testObtenerY" classname="circulo.CirculoTest" time="0"/>
</testsuite>