<?xml version="1.0" encoding="UTF-8"?>
<testsuite xmlns:xsi="http://www.w3.org/2001/XMLSchema-instance" xsi:noNamespaceSchemaLocation="https://maven.apache.org/surefire/maven-surefire-plugin/xsd/surefire-test-report.xsd" name="ProxectoCirculo.circulitoTest" time="0.485" tests="10" errors="0" skipped="0" failures="1">
  <properties>
[...]
</properties>
  <testcase name="testObtenerArea" classname="ProxectoCirculo.circulitoTest" time="0.027"/>
  <testcase name="testTrasladarCentro" classname="ProxectoCirculo.circulitoTest" time="0.145">
    <failure message="expected:&lt;6&gt; but was:&lt;5&gt;" type="java.lang.AssertionError"><![CDATA[java.lang.AssertionError: expected:<6> but was:<5>
	at ProxectoCirculo.circulitoTest.testTrasladarCentro(circulitoTest.java:138)
]]></failure>
    <system-out><![CDATA[trasladarCentro
]]></system-out>
  </testcase>
  <testcase name="testObtenerDiametro" classname="ProxectoCirculo.circulitoTest" time="0"/>
  <testcase name="testEstablecerX" classname="ProxectoCirculo.circulitoTest" time="0.001"/>
  <testcase name="testEstablecerY" classname="ProxectoCirculo.circulitoTest" time="0"/>
  <testcase name="testObtenerCircunferencia" classname="ProxectoCirculo.circulitoTest" time="0"/>
  <testcase name="testObtenerRadio" classname="ProxectoCirculo.circulitoTest" time="0"/>
  <testcase name="testEstablecerRadio" classname="ProxectoCirculo.circulitoTest" time="0"/>
  <testcase name="testObtenerX" classname="ProxectoCirculo.circulitoTest" time="0"/>
  <testcase name="testObtenerY" classname="ProxectoCirculo.circulitoTest" time="0.001"/>
</testsuite>